<?xml version="1.0" encoding="UTF-8"?>
<testng-results skipped="0" failed="0" ignored="0" total="2" passed="2">
  <reporter-output>
  </reporter-output>
  <suite name="Default suite" duration-ms="46708" started-at="2020-10-23T03:56:11Z" finished-at="2020-10-23T03:56:58Z">
    <groups>
    </groups>
    <test name="Default test" duration-ms="46708" started-at="2020-10-23T03:56:11Z" finished-at="2020-10-23T03:56:58Z">
      <class name="com.qa.pet.test.GetApiTest">
        <test-method status="PASS" signature="setup()[pri:0, instance:com.qa.pet.test.GetApiTest@9629756]" name="setup" is-config="true" duration-ms="8" started-at="2020-10-23T03:56:11Z" finished-at="2020-10-23T03:56:11Z">
          <reporter-output>
          </reporter-output>
        </test-method> <!-- setup -->
        <test-method status="PASS" signature="getAPITeststatusCode()[pri:1, instance:com.qa.pet.test.GetApiTest@9629756]" name="getAPITeststatusCode" duration-ms="27384" started-at="2020-10-23T03:56:11Z" finished-at="2020-10-23T03:56:39Z">
          <reporter-output>
          </reporter-output>
        </test-method> <!-- getAPITeststatusCode -->
        <test-method status="PASS" signature="setup()[pri:0, instance:com.qa.pet.test.GetApiTest@9629756]" name="setup" is-config="true" duration-ms="1" started-at="2020-10-23T03:56:39Z" finished-at="2020-10-23T03:56:39Z">
          <reporter-output>
          </reporter-output>
        </test-method> <!-- setup -->
        <test-method status="PASS" signature="getAPIJSON()[pri:2, instance:com.qa.pet.test.GetApiTest@9629756]" name="getAPIJSON" duration-ms="19269" started-at="2020-10-23T03:56:39Z" finished-at="2020-10-23T03:56:58Z">
          <reporter-output>
          </reporter-output>
        </test-method> <!-- getAPIJSON -->
      </class> <!-- com.qa.pet.test.GetApiTest -->
    </test> <!-- Default test -->
  </suite> <!-- Default suite -->
</testng-results>
